<?xml version="1.0" encoding="UTF-8"?>
<!-- Generated by org.testng.reporters.JUnitReportReporter -->
<testsuite hostname="MissAdk-PC" name="com.globant.training.rocio_bossio.tests.Tests" tests="2" failures="0" timestamp="18 Mar 2016 19:57:23 GMT" time="11.015" errors="0">
  <testcase name="case1" time="3.466" classname="com.globant.training.rocio_bossio.tests.Tests"/>
  <testcase name="case2" time="7.549" classname="com.globant.training.rocio_bossio.tests.Tests"/>
</testsuite> <!-- com.globant.training.rocio_bossio.tests.Tests -->
