<?xml version="1.0" encoding="UTF-8"?>
<!-- Generated by org.testng.reporters.JUnitReportReporter -->
<testsuite hostname="GLB-D0173" name="com.globant.training.rocio_bossio.tests.Tests" tests="5" failures="0" timestamp="18 Apr 2016 20:00:20 GMT" time="72.446" errors="0">
  <testcase name="case1" time="22.936" classname="com.globant.training.rocio_bossio.tests.Tests"/>
  <testcase name="case3" time="11.813" classname="com.globant.training.rocio_bossio.tests.Tests"/>
  <testcase name="case2" time="7.592" classname="com.globant.training.rocio_bossio.tests.Tests"/>
  <testcase name="case4" time="11.098" classname="com.globant.training.rocio_bossio.tests.Tests"/>
  <testcase name="case5" time="19.007" classname="com.globant.training.rocio_bossio.tests.Tests"/>
</testsuite> <!-- com.globant.training.rocio_bossio.tests.Tests -->
